<?xml version="1.0" encoding="UTF-8"?>
<!-- Generated by org.testng.reporters.JUnitReportReporter -->
<testsuite hostname="infenix-PC" failures="0" tests="2" name="testPricesProduct.testPrices" time="2.548" errors="0" timestamp="2024-06-15T18:53:05 EET" skipped="0">
  <testcase classname="testPricesProduct.testPrices" name="setup" time="2.394"/>
  <system-out/>
  <testcase classname="testPricesProduct.testPrices" name="addThePricesUpper$15" time="0.154"/>
  <system-out/>
</testsuite> <!-- testPricesProduct.testPrices -->
